<?xml version="1.0" encoding="UTF-8"?>
<testng-results ignored="0" total="4" passed="4" failed="0" skipped="0">
  <reporter-output>
  </reporter-output>
  <suite started-at="2020-10-07T14:30:32 PDT" name="Default suite" finished-at="2020-10-07T14:30:32 PDT" duration-ms="68">
    <groups>
    </groups>
    <test started-at="2020-10-07T14:30:32 PDT" name="Default test" finished-at="2020-10-07T14:30:32 PDT" duration-ms="68">
      <class name="demo.TestNGPriorityDemo">
        <test-method signature="test3()[pri:-1, instance:demo.TestNGPriorityDemo@671a5887]" started-at="2020-10-07T14:30:32 PDT" name="test3" finished-at="2020-10-07T14:30:32 PDT" duration-ms="12" status="PASS">
          <reporter-output>
          </reporter-output>
        </test-method> <!-- test3 -->
        <test-method signature="test4()[pri:0, instance:demo.TestNGPriorityDemo@671a5887]" started-at="2020-10-07T14:30:32 PDT" name="test4" finished-at="2020-10-07T14:30:32 PDT" duration-ms="1" status="PASS">
          <reporter-output>
          </reporter-output>
        </test-method> <!-- test4 -->
        <test-method signature="test1()[pri:1, instance:demo.TestNGPriorityDemo@671a5887]" started-at="2020-10-07T14:30:32 PDT" name="test1" finished-at="2020-10-07T14:30:32 PDT" duration-ms="2" status="PASS">
          <reporter-output>
          </reporter-output>
        </test-method> <!-- test1 -->
        <test-method signature="test2()[pri:1, instance:demo.TestNGPriorityDemo@671a5887]" started-at="2020-10-07T14:30:32 PDT" name="test2" finished-at="2020-10-07T14:30:32 PDT" duration-ms="1" status="PASS">
          <reporter-output>
          </reporter-output>
        </test-method> <!-- test2 -->
      </class> <!-- demo.TestNGPriorityDemo -->
    </test> <!-- Default test -->
  </suite> <!-- Default suite -->
</testng-results>
