<?xml version="1.0" encoding="UTF-8"?>
<!-- Generated by org.testng.reporters.JUnitXMLReporter -->
<testsuite ignored="0" hostname="L10IS-DEV1302" failures="0" tests="4" name="Default test" time="0.068" errors="0" timestamp="2020-10-07T14:30:32 PDT">
  <testcase classname="demo.TestNGPriorityDemo" name="test3" time="0.012"/>
  <testcase classname="demo.TestNGPriorityDemo" name="test4" time="0.001"/>
  <testcase classname="demo.TestNGPriorityDemo" name="test1" time="0.002"/>
  <testcase classname="demo.TestNGPriorityDemo" name="test2" time="0.001"/>
</testsuite> <!-- Default test -->
