<?xml version="1.0" encoding="UTF-8"?>
<!-- Generated by org.testng.reporters.JUnitXMLReporter -->
<testsuite ignored="0" hostname="L10IS-DEV1302" failures="0" tests="3" name="Test1" time="12.384" errors="0" timestamp="2020-09-23T17:20:45 PDT">
  <testcase classname="test.TestNG_Demo2" name="googleSearch2" time="2.175"/>
  <testcase classname="test.TestNG_Demo" name="googleSearch" time="2.671"/>
  <testcase classname="test.TestNG_Demo2" name="googleSearch3" time="1.509"/>
</testsuite> <!-- Test1 -->
